<?xml version="1.0" encoding="UTF-8"?>
<!-- Generated by org.testng.reporters.JUnitReportReporter -->
<testsuite hostname="LAPTOP-KS6UVGBE" failures="0" tests="1" name="TestNG.BeforeAfterTest" time="0.005" errors="0" timestamp="2024-01-04T21:28:06 IST" skipped="0">
  <testcase classname="TestNG.BeforeAfterTest" name="testCase01" time="0.005"/>
  <system-out/>
</testsuite> <!-- TestNG.BeforeAfterTest -->
