<?xml version="1.0" encoding="UTF-8"?>
<!-- Generated by org.testng.reporters.JUnitReportReporter -->
<testsuite hostname="LAPTOP-KS6UVGBE" failures="0" tests="5" name="TestNG.BasicTestNG" time="0.130" errors="0" timestamp="2024-01-04T21:28:06 IST" skipped="0">
  <testcase classname="TestNG.BasicTestNG" name="testCase04" time="0.030"/>
  <system-out/>
  <testcase classname="TestNG.BasicTestNG" name="testCase05" time="0.015"/>
  <system-out/>
  <testcase classname="TestNG.BasicTestNG" name="testCase02" time="0.046"/>
  <system-out/>
  <testcase classname="TestNG.BasicTestNG" name="testCase03" time="0.013"/>
  <system-out/>
  <testcase classname="TestNG.BasicTestNG" name="testCase01" time="0.026"/>
  <system-out/>
</testsuite> <!-- TestNG.BasicTestNG -->
