<?xml version="1.0" encoding="UTF-8"?>
<!-- Generated by org.testng.reporters.JUnitReportReporter -->
<testsuite hostname="LAPTOP-KS6UVGBE" failures="0" tests="3" name="TestNG.BasicAnnotations" time="0.040" errors="0" timestamp="2024-01-05T20:37:05 IST" skipped="1">
  <testcase classname="TestNG.BasicAnnotations" name="testCase04" time="0.038"/>
  <system-out/>
  <testcase classname="TestNG.BasicAnnotations" name="testCase07" time="0.002"/>
  <system-out/>
  <testcase classname="TestNG.BasicAnnotations" name="testCase05">
    <skipped/>
  </testcase> <!-- testCase05 -->
  <system-out/>
</testsuite> <!-- TestNG.BasicAnnotations -->
