<?xml version="1.0" encoding="UTF-8"?>
<!-- Generated by org.testng.reporters.JUnitReportReporter -->
<testsuite hostname="LAPTOP-KS6UVGBE" failures="0" tests="5" name="DataProviderTest" time="0.076" errors="0" timestamp="2024-01-10T20:37:39 IST" skipped="0">
  <testcase classname="DataProviderTest" name="testCase" time="0.005"/>
  <system-out/>
  <testcase classname="DataProviderTest" name="testCase" time="0.003"/>
  <system-out/>
  <testcase classname="DataProviderTest" name="testCase" time="0.022"/>
  <system-out/>
  <testcase classname="DataProviderTest" name="testCase" time="0.008"/>
  <system-out/>
  <testcase classname="DataProviderTest" name="testCase" time="0.038"/>
  <system-out/>
</testsuite> <!-- DataProviderTest -->
